Using pre-set license
Built from '2020.3/staging' branch; Version is '2020.3.0f1 (c7b5465681fb) revision 13088070'; Using compiler version '192528614'; Build Type 'Release'
OS: 'Windows 10 Education; OS build 19041.867; Version 2004; 64bit' Language: 'en' Physical Memory: 15789 MB
BatchMode: 1, IsHumanControllingUs: 0, StartBugReporterOnCrash: 0, Is64bit: 1, IsPro: 0

 COMMAND LINE ARGUMENTS:
C:\Program Files\Unity\Hub\Editor\2020.1.0f1\Editor\Unity.exe
-adb2
-batchMode
-noUpm
-name
AssetImportWorker0
-projectPath
C:/dev/getCrEAtive-WhatsUp/getcreative
-logFile
Logs/AssetImportWorker0.log
-srvPort
55026
Successfully changed project path to: C:/dev/getCrEAtive-WhatsUp/getcreative
C:/dev/getCrEAtive-WhatsUp/getcreative
Using Asset Import Pipeline V2.
Refreshing native plugins compatible for Editor in 35.58 ms, found 0 plugins.
Preloading 0 native plugins for Editor in 0.00 ms.
Initialize engine version: 2020.3.0f1 (c7b5465681fb)
[Subsystems] Discovering subsystems at path C:/Program Files/Unity/Hub/Editor/2020.1.0f1/Editor/Data/Resources/UnitySubsystems
[Subsystems] Discovering subsystems at path C:/dev/getCrEAtive-WhatsUp/getcreative/Assets
GfxDevice: creating device client; threaded=0
Direct3D:
    Version:  Direct3D 11.0 [level 11.1]
    Renderer: NVIDIA GeForce GTX 1660 Ti with Max-Q Design (ID=0x2191)
    Vendor:   
    VRAM:     5991 MB
    Driver:   27.21.14.6172
Initialize mono
Mono path[0] = 'C:/Program Files/Unity/Hub/Editor/2020.1.0f1/Editor/Data/Managed'
Mono path[1] = 'C:/Program Files/Unity/Hub/Editor/2020.1.0f1/Editor/Data/MonoBleedingEdge/lib/mono/unityjit'
Mono config path = 'C:/Program Files/Unity/Hub/Editor/2020.1.0f1/Editor/Data/MonoBleedingEdge/etc'
Using monoOptions --debugger-agent=transport=dt_socket,embedding=1,server=y,suspend=n,address=127.0.0.1:56768
Begin MonoManager ReloadAssembly
Registering precompiled unity dll's ...
Register platform support module: C:/Program Files/Unity/Hub/Editor/2020.1.0f1/Editor/Data/PlaybackEngines/WindowsStandaloneSupport/UnityEditor.WindowsStandalone.Extensions.dll
Registered in 0.002446 seconds.
Native extension for WindowsStandalone target not found
Refreshing native plugins compatible for Editor in 35.95 ms, found 0 plugins.
Preloading 0 native plugins for Editor in 0.00 ms.
Invoked RoslynAnalysisRunner static constructor.
RoslynAnalysisRunner will not be running.
RoslynAnalysisRunner has terminated.
Mono: successfully reloaded assembly
- Completed reload, in  0.867 seconds
Platform modules already initialized, skipping
Registering precompiled user dll's ...
Registered in 0.001358 seconds.
Begin MonoManager ReloadAssembly
Native extension for WindowsStandalone target not found
Refreshing native plugins compatible for Editor in 0.33 ms, found 0 plugins.
Preloading 0 native plugins for Editor in 0.00 ms.
Invoked RoslynAnalysisRunner static constructor.
RoslynAnalysisRunner will not be running.
RoslynAnalysisRunner has terminated.
Mono: successfully reloaded assembly
- Completed reload, in  0.778 seconds
Platform modules already initialized, skipping
========================================================================
Worker process is ready to serve import requests
Launched and connected shader compiler UnityShaderCompiler.exe after 0.05 seconds
Refreshing native plugins compatible for Editor in 0.32 ms, found 0 plugins.
Preloading 0 native plugins for Editor in 0.00 ms.
Unloading 1626 Unused Serialized files (Serialized files now loaded: 0)
System memory in use before: 77.6 MB.
System memory in use after: 75.9 MB.

Unloading 40 unused Assets to reduce memory usage. Loaded Objects now: 2038.
Total: 3.035400 ms (FindLiveObjects: 0.317100 ms CreateObjectMapping: 0.110200 ms MarkObjects: 2.050200 ms  DeleteObjects: 0.555400 ms)

========================================================================
Received Import Request.
  path: Assets/Scripts/Gameplay
  artifactKey: Guid(0bba7187774c442d68b0d24091d186a8) Importer(815301076,1909f56bfc062723c751e8b465ee728b)
Start importing Assets/Scripts/Gameplay using Guid(0bba7187774c442d68b0d24091d186a8) Importer(815301076,1909f56bfc062723c751e8b465ee728b)  -> (artifact id: '7624bd23ea9c2e2868a1ddbcacb2c48a') in 0.004518 seconds
  Import took 0.007419 seconds .

========================================================================
Received Import Request.
  Time since last request: 0.000256 seconds.
  path: Assets/Scripts
  artifactKey: Guid(3275a72dee34e4fb180df0447d416a17) Importer(815301076,1909f56bfc062723c751e8b465ee728b)
Start importing Assets/Scripts using Guid(3275a72dee34e4fb180df0447d416a17) Importer(815301076,1909f56bfc062723c751e8b465ee728b)  -> (artifact id: '8401b7d5c8af40515558797b1c51a5e1') in 0.002068 seconds
  Import took 0.004415 seconds .

========================================================================
Received Import Request.
  Time since last request: 0.000220 seconds.
  path: Assets/Scenes
  artifactKey: Guid(131a6b21c8605f84396be9f6751fb6e3) Importer(815301076,1909f56bfc062723c751e8b465ee728b)
Start importing Assets/Scenes using Guid(131a6b21c8605f84396be9f6751fb6e3) Importer(815301076,1909f56bfc062723c751e8b465ee728b)  -> (artifact id: 'c6597102694ccd5a502dcfee22f7a8a3') in 0.002379 seconds
  Import took 0.004752 seconds .

========================================================================
Received Import Request.
  Time since last request: 1.062684 seconds.
  path: Assets/Scripts/Gameplay/EnablePlayerInput.cs
  artifactKey: Guid(3a16c824d04cf498f84afeda5341fee7) Importer(815301076,1909f56bfc062723c751e8b465ee728b)
Start importing Assets/Scripts/Gameplay/EnablePlayerInput.cs using Guid(3a16c824d04cf498f84afeda5341fee7) Importer(815301076,1909f56bfc062723c751e8b465ee728b)  -> (artifact id: '48d0a740d457640b9a2705b0b81c046a') in 0.017588 seconds
  Import took 0.020386 seconds .

========================================================================
Received Import Request.
  Time since last request: 60.280933 seconds.
  path: Assets/Scripts/Gameplay/PlayerEnteredDeathZone.cs
  artifactKey: Guid(8f16a8f8b0a074a3a957b48df9f6a758) Importer(815301076,1909f56bfc062723c751e8b465ee728b)
Start importing Assets/Scripts/Gameplay/PlayerEnteredDeathZone.cs using Guid(8f16a8f8b0a074a3a957b48df9f6a758) Importer(815301076,1909f56bfc062723c751e8b465ee728b)  -> (artifact id: '8e429d984e63bded33b03ae7871fff6a') in 0.002662 seconds
  Import took 0.005611 seconds .

========================================================================
Received Import Request.
  Time since last request: 2.207486 seconds.
  path: Assets/Scripts/Gameplay/PlayerEnteredVictoryZone.cs
  artifactKey: Guid(7f69543bd2f704ed8a7a45ae002f648c) Importer(815301076,1909f56bfc062723c751e8b465ee728b)
Start importing Assets/Scripts/Gameplay/PlayerEnteredVictoryZone.cs using Guid(7f69543bd2f704ed8a7a45ae002f648c) Importer(815301076,1909f56bfc062723c751e8b465ee728b)  -> (artifact id: '84127eeab5720386d0f57cb16da39624') in 0.002540 seconds
  Import took 0.005195 seconds .

========================================================================
Received Import Request.
  Time since last request: 0.411965 seconds.
  path: Assets/Scripts/Gameplay/PlayerJumped.cs
  artifactKey: Guid(d0594447dc056485392cd3234551e60c) Importer(815301076,1909f56bfc062723c751e8b465ee728b)
Start importing Assets/Scripts/Gameplay/PlayerJumped.cs using Guid(d0594447dc056485392cd3234551e60c) Importer(815301076,1909f56bfc062723c751e8b465ee728b)  -> (artifact id: '36c6fae650e24b90dce5d7a75b0cea6f') in 0.002136 seconds
  Import took 0.005025 seconds .

========================================================================
Received Import Request.
  Time since last request: 3.044156 seconds.
  path: Assets/Scripts/Gameplay/PlayerLanded.cs
  artifactKey: Guid(a408f6e7866fe4789addb32c11b745b7) Importer(815301076,1909f56bfc062723c751e8b465ee728b)
Start importing Assets/Scripts/Gameplay/PlayerLanded.cs using Guid(a408f6e7866fe4789addb32c11b745b7) Importer(815301076,1909f56bfc062723c751e8b465ee728b)  -> (artifact id: '54b8b1818ded874848280f9020f1295a') in 0.002316 seconds
  Import took 0.005159 seconds .

========================================================================
Received Import Request.
  Time since last request: 0.771545 seconds.
  path: Assets/Scripts/Gameplay/PlayerSpawn.cs
  artifactKey: Guid(8fc2f862cb18245199adc2074a7f2b4e) Importer(815301076,1909f56bfc062723c751e8b465ee728b)
Start importing Assets/Scripts/Gameplay/PlayerSpawn.cs using Guid(8fc2f862cb18245199adc2074a7f2b4e) Importer(815301076,1909f56bfc062723c751e8b465ee728b)  -> (artifact id: 'e6b84faa9c9f1bd7bb2e1ee70ef249fd') in 0.002185 seconds
  Import took 0.005280 seconds .

========================================================================
Received Import Request.
  Time since last request: 4.245412 seconds.
  path: Assets/Scripts/Core
  artifactKey: Guid(22415b0b323d44ef59e4bb108e1718f7) Importer(815301076,1909f56bfc062723c751e8b465ee728b)
Start importing Assets/Scripts/Core using Guid(22415b0b323d44ef59e4bb108e1718f7) Importer(815301076,1909f56bfc062723c751e8b465ee728b)  -> (artifact id: 'a8605f320f373e8facaa77eb1ff8947b') in 0.002635 seconds
  Import took 0.005942 seconds .

========================================================================
Received Import Request.
  Time since last request: 0.000582 seconds.
  path: Assets/Scripts/Core
  artifactKey: Guid(22415b0b323d44ef59e4bb108e1718f7) Importer(815301076,1909f56bfc062723c751e8b465ee728b)
Start importing Assets/Scripts/Core using Guid(22415b0b323d44ef59e4bb108e1718f7) Importer(815301076,1909f56bfc062723c751e8b465ee728b)  -> (artifact id: 'a8605f320f373e8facaa77eb1ff8947b') in 0.001941 seconds
  Import took 0.004405 seconds .

========================================================================
Received Import Request.
  Time since last request: 0.942899 seconds.
  path: Assets/Scripts/Core/Fuzzy.cs
  artifactKey: Guid(83505d070f34d4a13807e938baeb0cbb) Importer(815301076,1909f56bfc062723c751e8b465ee728b)
Start importing Assets/Scripts/Core/Fuzzy.cs using Guid(83505d070f34d4a13807e938baeb0cbb) Importer(815301076,1909f56bfc062723c751e8b465ee728b)  -> (artifact id: '7337b7fdd1f1ed4be338c7e7cdc87b35') in 0.002278 seconds
  Import took 0.005271 seconds .

========================================================================
Received Import Request.
  Time since last request: 1.507944 seconds.
  path: Assets/Scripts/Core/HeapQueue.cs
  artifactKey: Guid(f5b75bbf217f7490f9927130f30b446c) Importer(815301076,1909f56bfc062723c751e8b465ee728b)
Start importing Assets/Scripts/Core/HeapQueue.cs using Guid(f5b75bbf217f7490f9927130f30b446c) Importer(815301076,1909f56bfc062723c751e8b465ee728b)  -> (artifact id: '6bb9b0a1311a59bb35fd21600e2cdace') in 0.002004 seconds
  Import took 0.004764 seconds .

========================================================================
Received Import Request.
  Time since last request: 0.000638 seconds.
  path: Assets/Scripts/Core/HeapQueue.cs
  artifactKey: Guid(f5b75bbf217f7490f9927130f30b446c) Importer(815301076,1909f56bfc062723c751e8b465ee728b)
Start importing Assets/Scripts/Core/HeapQueue.cs using Guid(f5b75bbf217f7490f9927130f30b446c) Importer(815301076,1909f56bfc062723c751e8b465ee728b)  -> (artifact id: '6bb9b0a1311a59bb35fd21600e2cdace') in 0.002045 seconds
  Import took 0.004427 seconds .

========================================================================
Received Import Request.
  Time since last request: 2.925116 seconds.
  path: Assets/Scripts/Core/Simulation.Event.cs
  artifactKey: Guid(808327a9d6f9344eab70aca5c52427e5) Importer(815301076,1909f56bfc062723c751e8b465ee728b)
Start importing Assets/Scripts/Core/Simulation.Event.cs using Guid(808327a9d6f9344eab70aca5c52427e5) Importer(815301076,1909f56bfc062723c751e8b465ee728b)  -> (artifact id: '6d587736d2c951c117688e6664d6330a') in 0.002251 seconds
  Import took 0.004702 seconds .

========================================================================
Received Import Request.
  Time since last request: 1.291324 seconds.
  path: Assets/Scripts/Core/Simulation.InstanceRegister.cs
  artifactKey: Guid(e1b7da7f958814fd0b5e867ed3827958) Importer(815301076,1909f56bfc062723c751e8b465ee728b)
Start importing Assets/Scripts/Core/Simulation.InstanceRegister.cs using Guid(e1b7da7f958814fd0b5e867ed3827958) Importer(815301076,1909f56bfc062723c751e8b465ee728b)  -> (artifact id: '41c5626c5a2a6b9c261ffb5ce17d74fe') in 0.002485 seconds
  Import took 0.005305 seconds .

========================================================================
Received Import Request.
  Time since last request: 3.607844 seconds.
  path: Assets/Scripts/Model
  artifactKey: Guid(02b3f5f45436b448db5b27a6f74f8b11) Importer(815301076,1909f56bfc062723c751e8b465ee728b)
Start importing Assets/Scripts/Model using Guid(02b3f5f45436b448db5b27a6f74f8b11) Importer(815301076,1909f56bfc062723c751e8b465ee728b)  -> (artifact id: 'f2b46d2a1c6e9f7458e0804a9eae28bb') in 0.002167 seconds
  Import took 0.005144 seconds .

========================================================================
Received Import Request.
  Time since last request: 0.001147 seconds.
  path: Assets/Scripts/Model
  artifactKey: Guid(02b3f5f45436b448db5b27a6f74f8b11) Importer(815301076,1909f56bfc062723c751e8b465ee728b)
Start importing Assets/Scripts/Model using Guid(02b3f5f45436b448db5b27a6f74f8b11) Importer(815301076,1909f56bfc062723c751e8b465ee728b)  -> (artifact id: 'f2b46d2a1c6e9f7458e0804a9eae28bb') in 0.002052 seconds
  Import took 0.004517 seconds .

========================================================================
Received Import Request.
  Time since last request: 0.390085 seconds.
  path: Assets/Scripts/Mechanics
  artifactKey: Guid(c827018a687f34a0296c5c7fdb8b9590) Importer(815301076,1909f56bfc062723c751e8b465ee728b)
Start importing Assets/Scripts/Mechanics using Guid(c827018a687f34a0296c5c7fdb8b9590) Importer(815301076,1909f56bfc062723c751e8b465ee728b)  -> (artifact id: 'fe1ec653ddb3a6b7eed16d476dbe7d6c') in 0.002257 seconds
  Import took 0.004852 seconds .

========================================================================
Received Import Request.
  Time since last request: 0.001597 seconds.
  path: Assets/Scripts/Mechanics
  artifactKey: Guid(c827018a687f34a0296c5c7fdb8b9590) Importer(815301076,1909f56bfc062723c751e8b465ee728b)
Start importing Assets/Scripts/Mechanics using Guid(c827018a687f34a0296c5c7fdb8b9590) Importer(815301076,1909f56bfc062723c751e8b465ee728b)  -> (artifact id: 'fe1ec653ddb3a6b7eed16d476dbe7d6c') in 0.002057 seconds
  Import took 0.004531 seconds .

========================================================================
Received Import Request.
  Time since last request: 0.982427 seconds.
  path: Assets/Scripts/Mechanics/AnimationController.cs
  artifactKey: Guid(be4d02721cd9d4baa869d3b890cec48f) Importer(815301076,1909f56bfc062723c751e8b465ee728b)
Start importing Assets/Scripts/Mechanics/AnimationController.cs using Guid(be4d02721cd9d4baa869d3b890cec48f) Importer(815301076,1909f56bfc062723c751e8b465ee728b)  -> (artifact id: 'bbaa43192950a6dc6d95fd5876808e81') in 0.002257 seconds
  Import took 0.004818 seconds .

========================================================================
Received Import Request.
  Time since last request: 0.001235 seconds.
  path: Assets/Scripts/Mechanics/AnimationController.cs
  artifactKey: Guid(be4d02721cd9d4baa869d3b890cec48f) Importer(815301076,1909f56bfc062723c751e8b465ee728b)
Start importing Assets/Scripts/Mechanics/AnimationController.cs using Guid(be4d02721cd9d4baa869d3b890cec48f) Importer(815301076,1909f56bfc062723c751e8b465ee728b)  -> (artifact id: 'bbaa43192950a6dc6d95fd5876808e81') in 0.002240 seconds
  Import took 0.004686 seconds .

========================================================================
Received Import Request.
  Time since last request: 3.849299 seconds.
  path: Assets/Scripts/Mechanics/DeathZone.cs
  artifactKey: Guid(f9473387ae50744bf946308793bd64e9) Importer(815301076,1909f56bfc062723c751e8b465ee728b)
Start importing Assets/Scripts/Mechanics/DeathZone.cs using Guid(f9473387ae50744bf946308793bd64e9) Importer(815301076,1909f56bfc062723c751e8b465ee728b)  -> (artifact id: '9f710d8fd754c67f9cf3186839ead126') in 0.002514 seconds
  Import took 0.005342 seconds .

========================================================================
Received Import Request.
  Time since last request: 0.726356 seconds.
  path: Assets/Scripts/Mechanics/EnemyController.cs
  artifactKey: Guid(cd654acc1f7894a509f3420e5c9ffea6) Importer(815301076,1909f56bfc062723c751e8b465ee728b)
Start importing Assets/Scripts/Mechanics/EnemyController.cs using Guid(cd654acc1f7894a509f3420e5c9ffea6) Importer(815301076,1909f56bfc062723c751e8b465ee728b)  -> (artifact id: 'fd3734bc0ecc3b2d440bd03b26c11f6a') in 0.002298 seconds
  Import took 0.004940 seconds .

========================================================================
Received Import Request.
  Time since last request: 0.002848 seconds.
  path: Assets/Scripts/Mechanics/EnemyController.cs
  artifactKey: Guid(cd654acc1f7894a509f3420e5c9ffea6) Importer(815301076,1909f56bfc062723c751e8b465ee728b)
Start importing Assets/Scripts/Mechanics/EnemyController.cs using Guid(cd654acc1f7894a509f3420e5c9ffea6) Importer(815301076,1909f56bfc062723c751e8b465ee728b)  -> (artifact id: 'fd3734bc0ecc3b2d440bd03b26c11f6a') in 0.002039 seconds
  Import took 0.004713 seconds .

========================================================================
Received Import Request.
  Time since last request: 0.838130 seconds.
  path: Assets/Scripts/Mechanics/GameController.cs
  artifactKey: Guid(7804c522061bd4c558b5008952406407) Importer(815301076,1909f56bfc062723c751e8b465ee728b)
Start importing Assets/Scripts/Mechanics/GameController.cs using Guid(7804c522061bd4c558b5008952406407) Importer(815301076,1909f56bfc062723c751e8b465ee728b)  -> (artifact id: '2dd34483f0f5dd88ab5fe3a69fae2f2a') in 0.002346 seconds
  Import took 0.004847 seconds .

========================================================================
Received Import Request.
  Time since last request: 0.838070 seconds.
  path: Assets/Scripts/Mechanics/Health.cs
  artifactKey: Guid(ffad43bb006db4856a9c527b89b48db9) Importer(815301076,1909f56bfc062723c751e8b465ee728b)
Start importing Assets/Scripts/Mechanics/Health.cs using Guid(ffad43bb006db4856a9c527b89b48db9) Importer(815301076,1909f56bfc062723c751e8b465ee728b)  -> (artifact id: 'a3ebf54394037a881aedfdd5bbe8a242') in 0.002079 seconds
  Import took 0.004746 seconds .

========================================================================
Received Import Request.
  Time since last request: 1.284417 seconds.
  path: Assets/Scripts/Mechanics/KinematicObject.cs
  artifactKey: Guid(565fbc50999104819abb0f2031ff5ac9) Importer(815301076,1909f56bfc062723c751e8b465ee728b)
Start importing Assets/Scripts/Mechanics/KinematicObject.cs using Guid(565fbc50999104819abb0f2031ff5ac9) Importer(815301076,1909f56bfc062723c751e8b465ee728b)  -> (artifact id: '87f7b5c16005a2e4de804591380ae79d') in 0.002505 seconds
  Import took 0.005240 seconds .

========================================================================
Received Import Request.
  Time since last request: 0.333489 seconds.
  path: Assets/Scripts/Mechanics/PatrolPath.cs
  artifactKey: Guid(83b023ebe508a49c880fc00552f0dfc1) Importer(815301076,1909f56bfc062723c751e8b465ee728b)
Start importing Assets/Scripts/Mechanics/PatrolPath.cs using Guid(83b023ebe508a49c880fc00552f0dfc1) Importer(815301076,1909f56bfc062723c751e8b465ee728b)  -> (artifact id: '0fadf574f8eec873ff5541ab783991b4') in 0.002100 seconds
  Import took 0.004876 seconds .

========================================================================
Received Import Request.
  Time since last request: 3.148221 seconds.
  path: Assets/Scripts/Mechanics/PatrolPath.Mover.cs
  artifactKey: Guid(91fcc8d06d79c4678aabe2abed234213) Importer(815301076,1909f56bfc062723c751e8b465ee728b)
Start importing Assets/Scripts/Mechanics/PatrolPath.Mover.cs using Guid(91fcc8d06d79c4678aabe2abed234213) Importer(815301076,1909f56bfc062723c751e8b465ee728b)  -> (artifact id: '71e1374772323deaab23682bde764155') in 0.002341 seconds
  Import took 0.005410 seconds .

========================================================================
Received Import Request.
  Time since last request: 1.404464 seconds.
  path: Assets/Scripts/Mechanics/PlayAudioClip.cs
  artifactKey: Guid(1715bf1b7a5e8480aba89c75b75ce7cd) Importer(815301076,1909f56bfc062723c751e8b465ee728b)
Start importing Assets/Scripts/Mechanics/PlayAudioClip.cs using Guid(1715bf1b7a5e8480aba89c75b75ce7cd) Importer(815301076,1909f56bfc062723c751e8b465ee728b)  -> (artifact id: '91c43d9b07c2b2a5697ba010a6f9117e') in 0.002341 seconds
  Import took 0.005210 seconds .

========================================================================
Received Import Request.
  Time since last request: 0.911230 seconds.
  path: Assets/Scripts/Mechanics/PlayerController.cs
  artifactKey: Guid(709ee11994a2f44658e5fc9887c45081) Importer(815301076,1909f56bfc062723c751e8b465ee728b)
Start importing Assets/Scripts/Mechanics/PlayerController.cs using Guid(709ee11994a2f44658e5fc9887c45081) Importer(815301076,1909f56bfc062723c751e8b465ee728b)  -> (artifact id: 'f778a1dbd6dce1e326afdc55657a5a60') in 0.003181 seconds
  Import took 0.005709 seconds .

========================================================================
Received Import Request.
  Time since last request: 0.004403 seconds.
  path: Assets/Scripts/Mechanics/PlayerController.cs
  artifactKey: Guid(709ee11994a2f44658e5fc9887c45081) Importer(815301076,1909f56bfc062723c751e8b465ee728b)
Start importing Assets/Scripts/Mechanics/PlayerController.cs using Guid(709ee11994a2f44658e5fc9887c45081) Importer(815301076,1909f56bfc062723c751e8b465ee728b)  -> (artifact id: 'f778a1dbd6dce1e326afdc55657a5a60') in 0.002013 seconds
  Import took 0.004912 seconds .

========================================================================
Received Import Request.
  Time since last request: 1.255131 seconds.
  path: Assets/Scripts/Mechanics/SpawnPoint.cs
  artifactKey: Guid(97143aaad65244901859cf22f86c8b49) Importer(815301076,1909f56bfc062723c751e8b465ee728b)
Start importing Assets/Scripts/Mechanics/SpawnPoint.cs using Guid(97143aaad65244901859cf22f86c8b49) Importer(815301076,1909f56bfc062723c751e8b465ee728b)  -> (artifact id: 'acc6fdbae22685b1aedd28e553e7ed34') in 0.002384 seconds
  Import took 0.005393 seconds .

========================================================================
Received Import Request.
  Time since last request: 1.438832 seconds.
  path: Assets/Scripts/Mechanics/TokenController.cs
  artifactKey: Guid(8eabb3e8a9f87443da0ea2a1a2101fb8) Importer(815301076,1909f56bfc062723c751e8b465ee728b)
Start importing Assets/Scripts/Mechanics/TokenController.cs using Guid(8eabb3e8a9f87443da0ea2a1a2101fb8) Importer(815301076,1909f56bfc062723c751e8b465ee728b)  -> (artifact id: '07e495d503978c22d89371433e9c0760') in 0.002292 seconds
  Import took 0.005161 seconds .

========================================================================
Received Import Request.
  Time since last request: 35.278919 seconds.
  path: Assets
  artifactKey: Guid(00000000000000001000000000000000) Importer(815301076,1909f56bfc062723c751e8b465ee728b)
Start importing Assets using Guid(00000000000000001000000000000000) Importer(815301076,1909f56bfc062723c751e8b465ee728b)  -> (artifact id: '42baae205c97e3337697759514652acd') in 0.002400 seconds
  Import took 0.005022 seconds .

========================================================================
Received Import Request.
  Time since last request: 0.000880 seconds.
  path: Assets
  artifactKey: Guid(00000000000000001000000000000000) Importer(815301076,1909f56bfc062723c751e8b465ee728b)
Start importing Assets using Guid(00000000000000001000000000000000) Importer(815301076,1909f56bfc062723c751e8b465ee728b)  -> (artifact id: '42baae205c97e3337697759514652acd') in 0.002052 seconds
  Import took 0.004705 seconds .

========================================================================
Received Import Request.
  Time since last request: 10.134756 seconds.
  path: Assets/getcreative
  artifactKey: Guid(5c8160dbdccb42e4aa3fccc9b54e9602) Importer(815301076,1909f56bfc062723c751e8b465ee728b)
Start importing Assets/getcreative using Guid(5c8160dbdccb42e4aa3fccc9b54e9602) Importer(815301076,1909f56bfc062723c751e8b465ee728b)  -> (artifact id: '11770a0ed81695fd20b980739037dda4') in 0.002472 seconds
  Import took 0.005243 seconds .

========================================================================
Received Import Request.
  Time since last request: 26.993686 seconds.
  path: Assets/getcreative/Sprites
  artifactKey: Guid(766c29a9fd2f37d459f29d5f6c4374d2) Importer(815301076,1909f56bfc062723c751e8b465ee728b)
Start importing Assets/getcreative/Sprites using Guid(766c29a9fd2f37d459f29d5f6c4374d2) Importer(815301076,1909f56bfc062723c751e8b465ee728b)  -> (artifact id: '8cd989fba482fdf86989841c6b5ceedc') in 0.003461 seconds
  Import took 0.006162 seconds .

========================================================================
Received Import Request.
  Time since last request: 0.001072 seconds.
  path: Assets/getcreative/Sprites
  artifactKey: Guid(766c29a9fd2f37d459f29d5f6c4374d2) Importer(815301076,1909f56bfc062723c751e8b465ee728b)
Start importing Assets/getcreative/Sprites using Guid(766c29a9fd2f37d459f29d5f6c4374d2) Importer(815301076,1909f56bfc062723c751e8b465ee728b)  -> (artifact id: '8cd989fba482fdf86989841c6b5ceedc') in 0.002084 seconds
  Import took 0.004623 seconds .

========================================================================
Received Import Request.
  Time since last request: 1.003509 seconds.
  path: Assets/getcreative/Sprites/1-Player-Bomb Guy
  artifactKey: Guid(ec652ba18f17eaa43aac2c99adaa4763) Importer(815301076,1909f56bfc062723c751e8b465ee728b)
Start importing Assets/getcreative/Sprites/1-Player-Bomb Guy using Guid(ec652ba18f17eaa43aac2c99adaa4763) Importer(815301076,1909f56bfc062723c751e8b465ee728b)  -> (artifact id: '410df5e3572e2fd5af82050b4cb5817e') in 0.002298 seconds
  Import took 0.005236 seconds .

========================================================================
Received Import Request.
  Time since last request: 0.001175 seconds.
  path: Assets/getcreative/Sprites/1-Player-Bomb Guy
  artifactKey: Guid(ec652ba18f17eaa43aac2c99adaa4763) Importer(815301076,1909f56bfc062723c751e8b465ee728b)
Start importing Assets/getcreative/Sprites/1-Player-Bomb Guy using Guid(ec652ba18f17eaa43aac2c99adaa4763) Importer(815301076,1909f56bfc062723c751e8b465ee728b)  -> (artifact id: '410df5e3572e2fd5af82050b4cb5817e') in 0.002138 seconds
  Import took 0.004724 seconds .

